DEPRECATION WARNING: set the 'will_paginate.previous_label' key in your i18n locale instead of editing pagination_options (called from /home/qllwx/reading/config/initializers/will_paginate.rb:1:in `<top (required)>')
DEPRECATION WARNING: set the 'will_paginate.next_label' key in your i18n locale instead of editing pagination_options (called from /home/qllwx/reading/config/initializers/will_paginate.rb:2:in `<top (required)>')
Started GET "/" for 127.0.0.1 at 2017-11-05 17:48:08 +0800
  [1m[35m (0.2ms)[0m  [1m[34mSELECT "schema_migrations"."version" FROM "schema_migrations" ORDER BY "schema_migrations"."version" ASC[0m
Processing by HomeController#index as HTML
  Rendering home/index.html.erb within layouts/application
  Rendered home/index.html.erb within layouts/application (6.6ms)
Completed 200 OK in 298ms (Views: 284.5ms | ActiveRecord: 0.0ms)


Started GET "/" for 127.0.0.1 at 2017-11-05 17:49:24 +0800
Processing by HomeController#index as HTML
  Rendering home/index.html.erb within layouts/application
  Rendered home/index.html.erb within layouts/application (0.7ms)
Completed 200 OK in 77ms (Views: 76.1ms | ActiveRecord: 0.0ms)


Started GET "/books" for 127.0.0.1 at 2017-11-05 17:49:44 +0800
Processing by BooksController#index as HTML
  Rendering books/index.html.erb within layouts/application
  [1m[36mBook Load (0.3ms)[0m  [1m[34mSELECT  "books".* FROM "books" LIMIT ? OFFSET ?[0m  [["LIMIT", 15], ["OFFSET", 0]]
  Rendered books/index.html.erb within layouts/application (12.4ms)
Completed 200 OK in 63ms (Views: 59.3ms | ActiveRecord: 1.0ms)


Started GET "/" for 127.0.0.1 at 2017-11-05 17:49:50 +0800
Processing by HomeController#index as HTML
  Rendering home/index.html.erb within layouts/application
  Rendered home/index.html.erb within layouts/application (0.9ms)
Completed 200 OK in 86ms (Views: 84.5ms | ActiveRecord: 0.0ms)


Started GET "/users" for 127.0.0.1 at 2017-11-05 17:49:52 +0800
Processing by UsersController#index as HTML
  Rendering users/index.html.erb within layouts/application
  [1m[36mUser Load (0.3ms)[0m  [1m[34mSELECT  "users".* FROM "users" LIMIT ? OFFSET ?[0m  [["LIMIT", 15], ["OFFSET", 0]]
  Rendered users/index.html.erb within layouts/application (33.7ms)
Completed 200 OK in 97ms (Views: 93.9ms | ActiveRecord: 1.1ms)


Started GET "/users/new" for 127.0.0.1 at 2017-11-05 17:49:54 +0800
Processing by UsersController#new as HTML
  Rendering users/new.html.erb within layouts/application
  Rendered users/_form.html.erb (17.0ms)
  Rendered users/new.html.erb within layouts/application (18.4ms)
Completed 200 OK in 96ms (Views: 95.0ms | ActiveRecord: 0.0ms)


DEPRECATION WARNING: set the 'will_paginate.previous_label' key in your i18n locale instead of editing pagination_options (called from /home/qllwx/reading/config/initializers/will_paginate.rb:1:in `<top (required)>')
DEPRECATION WARNING: set the 'will_paginate.next_label' key in your i18n locale instead of editing pagination_options (called from /home/qllwx/reading/config/initializers/will_paginate.rb:2:in `<top (required)>')
Started GET "/" for 127.0.0.1 at 2017-12-29 09:53:38 +0800
  [1m[35m (0.3ms)[0m  [1m[34mSELECT "schema_migrations"."version" FROM "schema_migrations" ORDER BY "schema_migrations"."version" ASC[0m
Processing by HomeController#index as HTML
  Rendering home/index.html.erb within layouts/application
  Rendered home/index.html.erb within layouts/application (1.8ms)
Completed 200 OK in 540ms (Views: 527.6ms | ActiveRecord: 0.0ms)


Started GET "/" for 127.0.0.1 at 2017-12-29 09:53:46 +0800
Processing by HomeController#index as HTML
  Rendering home/index.html.erb within layouts/application
  Rendered home/index.html.erb within layouts/application (0.7ms)
Completed 200 OK in 70ms (Views: 66.4ms | ActiveRecord: 0.0ms)


Started GET "/users" for 127.0.0.1 at 2017-12-29 09:53:50 +0800
Processing by UsersController#index as HTML
  Rendering users/index.html.erb within layouts/application
  [1m[36mUser Load (0.3ms)[0m  [1m[34mSELECT  "users".* FROM "users" LIMIT ? OFFSET ?[0m  [["LIMIT", 15], ["OFFSET", 0]]
  Rendered users/index.html.erb within layouts/application (33.7ms)
Completed 200 OK in 83ms (Views: 78.6ms | ActiveRecord: 1.0ms)


Started GET "/" for 127.0.0.1 at 2017-12-29 09:54:11 +0800
Processing by HomeController#index as HTML
  Rendering home/index.html.erb within layouts/application
  Rendered home/index.html.erb within layouts/application (0.9ms)
Completed 200 OK in 58ms (Views: 56.2ms | ActiveRecord: 0.0ms)


Started GET "/books" for 127.0.0.1 at 2017-12-29 09:54:14 +0800
Processing by BooksController#index as HTML
  Rendering books/index.html.erb within layouts/application
  [1m[36mBook Load (0.2ms)[0m  [1m[34mSELECT  "books".* FROM "books" LIMIT ? OFFSET ?[0m  [["LIMIT", 15], ["OFFSET", 0]]
  Rendered books/index.html.erb within layouts/application (9.4ms)
Completed 200 OK in 57ms (Views: 51.8ms | ActiveRecord: 0.8ms)


Started GET "/reports" for 127.0.0.1 at 2017-12-29 09:54:15 +0800
Processing by ReportsController#index as HTML
  Rendering reports/index.html.erb within layouts/application
  [1m[36mReport Load (0.3ms)[0m  [1m[34mSELECT  "reports".* FROM "reports" LIMIT ? OFFSET ?[0m  [["LIMIT", 15], ["OFFSET", 0]]
  Rendered reports/index.html.erb within layouts/application (7.0ms)
Completed 200 OK in 63ms (Views: 48.3ms | ActiveRecord: 0.9ms)


Started GET "/reports" for 127.0.0.1 at 2017-12-29 09:54:17 +0800
Processing by ReportsController#index as HTML
  Rendering reports/index.html.erb within layouts/application
  [1m[36mReport Load (0.3ms)[0m  [1m[34mSELECT  "reports".* FROM "reports" LIMIT ? OFFSET ?[0m  [["LIMIT", 15], ["OFFSET", 0]]
  Rendered reports/index.html.erb within layouts/application (2.9ms)
Completed 200 OK in 58ms (Views: 56.2ms | ActiveRecord: 0.3ms)


Started GET "/users" for 127.0.0.1 at 2017-12-29 09:54:18 +0800
Processing by UsersController#index as HTML
  Rendering users/index.html.erb within layouts/application
  [1m[36mUser Load (0.3ms)[0m  [1m[34mSELECT  "users".* FROM "users" LIMIT ? OFFSET ?[0m  [["LIMIT", 15], ["OFFSET", 0]]
  Rendered users/index.html.erb within layouts/application (10.5ms)
Completed 200 OK in 55ms (Views: 53.1ms | ActiveRecord: 0.3ms)


Started GET "/users/new" for 127.0.0.1 at 2017-12-29 09:54:20 +0800
Processing by UsersController#new as HTML
  Rendering users/new.html.erb within layouts/application
  Rendered users/_form.html.erb (25.1ms)
  Rendered users/new.html.erb within layouts/application (27.2ms)
Completed 200 OK in 92ms (Views: 83.5ms | ActiveRecord: 0.0ms)


Started GET "/reports" for 127.0.0.1 at 2017-12-29 09:54:23 +0800
Processing by ReportsController#index as HTML
  Rendering reports/index.html.erb within layouts/application
  [1m[36mReport Load (0.2ms)[0m  [1m[34mSELECT  "reports".* FROM "reports" LIMIT ? OFFSET ?[0m  [["LIMIT", 15], ["OFFSET", 0]]
  Rendered reports/index.html.erb within layouts/application (4.0ms)
Completed 200 OK in 82ms (Views: 79.6ms | ActiveRecord: 0.2ms)


Started GET "/reports/new" for 127.0.0.1 at 2017-12-29 09:54:24 +0800
Processing by ReportsController#new as HTML
  Rendering reports/new.html.erb within layouts/application
  Rendered reports/_form.html.erb (5.0ms)
  Rendered reports/new.html.erb within layouts/application (7.0ms)
Completed 200 OK in 60ms (Views: 50.6ms | ActiveRecord: 0.4ms)


Started GET "/reports" for 127.0.0.1 at 2017-12-29 09:54:27 +0800
Processing by ReportsController#index as HTML
  Rendering reports/index.html.erb within layouts/application
  [1m[36mReport Load (0.2ms)[0m  [1m[34mSELECT  "reports".* FROM "reports" LIMIT ? OFFSET ?[0m  [["LIMIT", 15], ["OFFSET", 0]]
  Rendered reports/index.html.erb within layouts/application (2.0ms)
Completed 200 OK in 45ms (Views: 42.9ms | ActiveRecord: 0.2ms)


Started GET "/users" for 127.0.0.1 at 2017-12-29 09:54:28 +0800
Processing by UsersController#index as HTML
  Rendering users/index.html.erb within layouts/application
  [1m[36mUser Load (0.2ms)[0m  [1m[34mSELECT  "users".* FROM "users" LIMIT ? OFFSET ?[0m  [["LIMIT", 15], ["OFFSET", 0]]
  Rendered users/index.html.erb within layouts/application (7.4ms)
Completed 200 OK in 64ms (Views: 61.5ms | ActiveRecord: 0.2ms)


Started GET "/" for 127.0.0.1 at 2017-12-29 09:54:34 +0800
Processing by HomeController#index as HTML
  Rendering home/index.html.erb within layouts/application
  Rendered home/index.html.erb within layouts/application (0.7ms)
Completed 200 OK in 70ms (Views: 68.4ms | ActiveRecord: 0.0ms)


DEPRECATION WARNING: set the 'will_paginate.previous_label' key in your i18n locale instead of editing pagination_options (called from /home/qllwx/reading/config/initializers/will_paginate.rb:1:in `<top (required)>')
DEPRECATION WARNING: set the 'will_paginate.next_label' key in your i18n locale instead of editing pagination_options (called from /home/qllwx/reading/config/initializers/will_paginate.rb:2:in `<top (required)>')
Started GET "/" for 127.0.0.1 at 2018-01-02 14:33:34 +0800
  [1m[35m (0.3ms)[0m  [1m[34mSELECT "schema_migrations"."version" FROM "schema_migrations" ORDER BY "schema_migrations"."version" ASC[0m
Processing by HomeController#index as HTML
  Rendering home/index.html.erb within layouts/application
  Rendered home/index.html.erb within layouts/application (2.3ms)
Completed 200 OK in 495ms (Views: 480.4ms | ActiveRecord: 0.0ms)


Started GET "/" for 127.0.0.1 at 2018-01-02 14:33:51 +0800
Processing by HomeController#index as HTML
  Rendering home/index.html.erb within layouts/application
  Rendered home/index.html.erb within layouts/application (0.8ms)
Completed 200 OK in 40ms (Views: 39.0ms | ActiveRecord: 0.0ms)


Started GET "/users" for 127.0.0.1 at 2018-01-02 14:34:01 +0800
Processing by UsersController#index as HTML
  Rendering users/index.html.erb within layouts/application
  [1m[36mUser Load (0.3ms)[0m  [1m[34mSELECT  "users".* FROM "users" LIMIT ? OFFSET ?[0m  [["LIMIT", 15], ["OFFSET", 0]]
  Rendered users/index.html.erb within layouts/application (28.9ms)
Completed 200 OK in 98ms (Views: 65.2ms | ActiveRecord: 0.9ms)


Started GET "/grades" for 127.0.0.1 at 2018-01-02 14:40:58 +0800
Processing by GradesController#index as HTML
  Rendering grades/index.html.erb within layouts/application
  [1m[36mGrade Load (0.3ms)[0m  [1m[34mSELECT  "grades".* FROM "grades" LIMIT ? OFFSET ?[0m  [["LIMIT", 15], ["OFFSET", 0]]
  Rendered grades/index.html.erb within layouts/application (13.6ms)
Completed 200 OK in 64ms (Views: 56.1ms | ActiveRecord: 1.1ms)


Started GET "/users" for 127.0.0.1 at 2018-01-02 14:41:16 +0800
Processing by UsersController#index as HTML
  Rendering users/index.html.erb within layouts/application
  [1m[36mUser Load (0.2ms)[0m  [1m[34mSELECT  "users".* FROM "users" LIMIT ? OFFSET ?[0m  [["LIMIT", 15], ["OFFSET", 0]]
  Rendered users/index.html.erb within layouts/application (4.4ms)
Completed 200 OK in 61ms (Views: 58.6ms | ActiveRecord: 0.2ms)


Started GET "/cshes" for 127.0.0.1 at 2018-01-02 14:47:50 +0800
Processing by CshesController#index as HTML
  Rendering cshes/index.html.erb within layouts/application
  [1m[36mCsh Load (0.5ms)[0m  [1m[34mSELECT  "cshes".* FROM "cshes" LIMIT ? OFFSET ?[0m  [["LIMIT", 15], ["OFFSET", 0]]
  [1m[35m (4.9ms)[0m  [1m[34mSELECT COUNT(*) FROM "cshes"[0m
  Rendered cshes/index.html.erb within layouts/application (36.1ms)
Completed 200 OK in 82ms (Views: 62.1ms | ActiveRecord: 8.7ms)


Started GET "/cshes?page=1038" for 127.0.0.1 at 2018-01-02 14:47:54 +0800
Processing by CshesController#index as HTML
  Parameters: {"page"=>"1038"}
  Rendering cshes/index.html.erb within layouts/application
  [1m[36mCsh Load (7.4ms)[0m  [1m[34mSELECT  "cshes".* FROM "cshes" LIMIT ? OFFSET ?[0m  [["LIMIT", 15], ["OFFSET", 15555]]
  Rendered cshes/index.html.erb within layouts/application (15.2ms)
Completed 200 OK in 54ms (Views: 44.8ms | ActiveRecord: 7.4ms)


Started GET "/cshes?page=1033" for 127.0.0.1 at 2018-01-02 14:47:57 +0800
Processing by CshesController#index as HTML
  Parameters: {"page"=>"1033"}
  Rendering cshes/index.html.erb within layouts/application
  [1m[36mCsh Load (7.5ms)[0m  [1m[34mSELECT  "cshes".* FROM "cshes" LIMIT ? OFFSET ?[0m  [["LIMIT", 15], ["OFFSET", 15480]]
  [1m[35m (6.0ms)[0m  [1m[34mSELECT COUNT(*) FROM "cshes"[0m
  Rendered cshes/index.html.erb within layouts/application (26.0ms)
Completed 200 OK in 72ms (Views: 57.4ms | ActiveRecord: 13.5ms)


Started GET "/cshes?page=1029" for 127.0.0.1 at 2018-01-02 14:48:02 +0800
Processing by CshesController#index as HTML
  Parameters: {"page"=>"1029"}
  Rendering cshes/index.html.erb within layouts/application
  [1m[36mCsh Load (12.9ms)[0m  [1m[34mSELECT  "cshes".* FROM "cshes" LIMIT ? OFFSET ?[0m  [["LIMIT", 15], ["OFFSET", 15420]]
  [1m[35m (6.4ms)[0m  [1m[34mSELECT COUNT(*) FROM "cshes"[0m
  Rendered cshes/index.html.erb within layouts/application (29.1ms)
Completed 200 OK in 67ms (Views: 46.1ms | ActiveRecord: 19.3ms)


Started GET "/cshes?page=1028" for 127.0.0.1 at 2018-01-02 14:48:11 +0800
Processing by CshesController#index as HTML
  Parameters: {"page"=>"1028"}
  Rendering cshes/index.html.erb within layouts/application
  [1m[36mCsh Load (9.3ms)[0m  [1m[34mSELECT  "cshes".* FROM "cshes" LIMIT ? OFFSET ?[0m  [["LIMIT", 15], ["OFFSET", 15405]]
  [1m[35m (5.5ms)[0m  [1m[34mSELECT COUNT(*) FROM "cshes"[0m
  Rendered cshes/index.html.erb within layouts/application (24.3ms)
Completed 200 OK in 61ms (Views: 44.7ms | ActiveRecord: 14.8ms)


Started GET "/cshes?page=1024" for 127.0.0.1 at 2018-01-02 14:48:16 +0800
Processing by CshesController#index as HTML
  Parameters: {"page"=>"1024"}
  Rendering cshes/index.html.erb within layouts/application
  [1m[36mCsh Load (9.2ms)[0m  [1m[34mSELECT  "cshes".* FROM "cshes" LIMIT ? OFFSET ?[0m  [["LIMIT", 15], ["OFFSET", 15345]]
  [1m[35m (4.8ms)[0m  [1m[34mSELECT COUNT(*) FROM "cshes"[0m
  Rendered cshes/index.html.erb within layouts/application (23.5ms)
Completed 200 OK in 68ms (Views: 52.2ms | ActiveRecord: 13.9ms)


Started GET "/cshes?page=2" for 127.0.0.1 at 2018-01-02 14:48:27 +0800
Processing by CshesController#index as HTML
  Parameters: {"page"=>"2"}
  Rendering cshes/index.html.erb within layouts/application
  [1m[36mCsh Load (0.4ms)[0m  [1m[34mSELECT  "cshes".* FROM "cshes" LIMIT ? OFFSET ?[0m  [["LIMIT", 15], ["OFFSET", 15]]
  [1m[35m (4.9ms)[0m  [1m[34mSELECT COUNT(*) FROM "cshes"[0m
  Rendered cshes/index.html.erb within layouts/application (16.2ms)
Completed 200 OK in 52ms (Views: 45.6ms | ActiveRecord: 5.2ms)


Started GET "/users" for 127.0.0.1 at 2018-01-02 14:48:30 +0800
Processing by UsersController#index as HTML
  Rendering users/index.html.erb within layouts/application
  [1m[36mUser Load (0.2ms)[0m  [1m[34mSELECT  "users".* FROM "users" LIMIT ? OFFSET ?[0m  [["LIMIT", 15], ["OFFSET", 0]]
  Rendered users/index.html.erb within layouts/application (4.2ms)
Completed 200 OK in 52ms (Views: 50.6ms | ActiveRecord: 0.2ms)


Started GET "/users/new" for 127.0.0.1 at 2018-01-02 14:48:48 +0800
Processing by UsersController#new as HTML
  Rendering users/new.html.erb within layouts/application
  Rendered users/_form.html.erb (29.3ms)
  Rendered users/new.html.erb within layouts/application (31.3ms)
Completed 200 OK in 68ms (Views: 65.4ms | ActiveRecord: 0.0ms)


